# JRE version: Java(TM) SE Runtime Environment (13.0.2+8) (build 13.0.2+8)
# Java VM: Java HotSpot(TM) 64-Bit Server VM (13.0.2+8, mixed mode, sharing, tiered, compressed oops, g1 gc, windows-amd64)
Heap:
 garbage-first heap   total 118784K, used 10398K [0x00000000a0c00000, 0x0000000100000000)
  region size 1024K, 4 young (4096K), 4 survivors (4096K)
 Metaspace       used 20172K, capacity 21147K, committed 21296K, reserved 1067008K
  class space    used 2774K, capacity 3141K, committed 3200K, reserved 1048576K
GC Heap History (9 events):
Event: 0.801 GC heap before
{Heap before GC invocations=0 (full 0):
 garbage-first heap   total 98304K, used 14336K [0x00000000a0c00000, 0x0000000100000000)
  region size 1024K, 14 young (14336K), 0 survivors (0K)
 Metaspace       used 5661K, capacity 6111K, committed 6272K, reserved 1056768K
  class space    used 689K, capacity 772K, committed 896K, reserved 1048576K
}
Event: 0.809 GC heap after
{Heap after GC invocations=1 (full 0):
 garbage-first heap   total 98304K, used 4505K [0x00000000a0c00000, 0x0000000100000000)
  region size 1024K, 2 young (2048K), 2 survivors (2048K)
 Metaspace       used 5661K, capacity 6111K, committed 6272K, reserved 1056768K
  class space    used 689K, capacity 772K, committed 896K, reserved 1048576K
}
Event: 1.005 GC heap before
{Heap before GC invocations=1 (full 0):
 garbage-first heap   total 98304K, used 13721K [0x00000000a0c00000, 0x0000000100000000)
  region size 1024K, 11 young (11264K), 2 survivors (2048K)
 Metaspace       used 7362K, capacity 7720K, committed 7808K, reserved 1056768K
  class space    used 936K, capacity 1072K, committed 1152K, reserved 1048576K
}
Event: 1.010 GC heap after
{Heap after GC invocations=2 (full 0):
 garbage-first heap   total 98304K, used 5181K [0x00000000a0c00000, 0x0000000100000000)
  region size 1024K, 1 young (1024K), 1 survivors (1024K)
 Metaspace       used 7362K, capacity 7720K, committed 7808K, reserved 1056768K
  class space    used 936K, capacity 1072K, committed 1152K, reserved 1048576K
}
Event: 1.403 GC heap before
{Heap before GC invocations=2 (full 0):
 garbage-first heap   total 98304K, used 30781K [0x00000000a0c00000, 0x0000000100000000)
  region size 1024K, 26 young (26624K), 1 survivors (1024K)
 Metaspace       used 11995K, capacity 12547K, committed 12800K, reserved 1060864K
  class space    used 1577K, capacity 1777K, committed 1792K, reserved 1048576K
}
Event: 1.409 GC heap after
{Heap after GC invocations=3 (full 0):
 garbage-first heap   total 98304K, used 6573K [0x00000000a0c00000, 0x0000000100000000)
  region size 1024K, 2 young (2048K), 2 survivors (2048K)
 Metaspace       used 11995K, capacity 12547K, committed 12800K, reserved 1060864K
  class space    used 1577K, capacity 1777K, committed 1792K, reserved 1048576K
}
Event: 1.931 GC heap before
{Heap before GC invocations=3 (full 0):
 garbage-first heap   total 98304K, used 43437K [0x00000000a0c00000, 0x0000000100000000)
  region size 1024K, 38 young (38912K), 2 survivors (2048K)
 Metaspace       used 15992K, capacity 16728K, committed 16768K, reserved 1062912K
  class space    used 2138K, capacity 2414K, committed 2432K, reserved 1048576K
}
Event: 1.937 GC heap after
{Heap after GC invocations=4 (full 0):
 garbage-first heap   total 98304K, used 8499K [0x00000000a0c00000, 0x0000000100000000)
  region size 1024K, 4 young (4096K), 4 survivors (4096K)
 Metaspace       used 15992K, capacity 16728K, committed 16768K, reserved 1062912K
  class space    used 2138K, capacity 2414K, committed 2432K, reserved 1048576K
}
Event: 2.476 GC heap before
{Heap before GC invocations=4 (full 0):
 garbage-first heap   total 98304K, used 42291K [0x00000000a0c00000, 0x0000000100000000)
  region size 1024K, 38 young (38912K), 4 survivors (4096K)
 Metaspace       used 20172K, capacity 21147K, committed 21296K, reserved 1067008K
  class space    used 2774K, capacity 3141K, committed 3200K, reserved 1048576K
}

